<?xml version="1.0" encoding="UTF-8"?>
<!-- Generated by org.testng.reporters.JUnitReportReporter -->
<testsuite hostname="LTIN252453" failures="0" tests="1" name="TestNG.FirstTest" time="34.941" errors="0" timestamp="2024-02-28T23:39:51 IST" skipped="0">
  <testcase classname="TestNG.FirstTest" name="verifyHomepageTitle" time="34.941"/>
</testsuite> <!-- TestNG.FirstTest -->
