<?xml version="1.0" encoding="UTF-8"?>
<!-- Generated by org.testng.reporters.JUnitReportReporter -->
<testsuite hostname="LTIN252453" failures="0" tests="3" name="be.cognizant.WorldClockTest" time="76.597" errors="0" timestamp="2024-03-14T22:57:25 IST" skipped="0">
  <testcase classname="be.cognizant.WorldClockTest" name="userInformation" time="7.158"/>
  <testcase classname="be.cognizant.WorldClockTest" name="clock" time="30.678"/>
  <testcase classname="be.cognizant.WorldClockTest" name="oneCognizant" time="38.761"/>
</testsuite> <!-- be.cognizant.WorldClockTest -->
