<?xml version="1.0" encoding="UTF-8"?>
<!-- Generated by org.testng.reporters.JUnitReportReporter -->
<testsuite hostname="LTIN252453" failures="0" tests="1" name="firsttestngpackage.firsttestngfile" time="0.036" errors="0" timestamp="2024-03-04T12:09:39 IST" skipped="0">
  <testcase classname="firsttestngpackage.firsttestngfile" name="verifyHomepageTitle" time="0.036"/>
</testsuite> <!-- firsttestngpackage.firsttestngfile -->
